2023-05-09 14:20:35 Undefined variable $conn#0 D:\xampp\htdoc \GitHub\pathfinder\work\action\Graph.php(34): exception _error_handler(2, 'Undefined varia...', 'D:\\xampp\\htdoc ...', 34)
#1 D:\xampp\htdoc \GitHub\pathfinder\work\view\home.php(32): require_once('D:\\xampp\\htdoc ...')
#2 D:\xampp\htdoc \GitHub\pathfinder\work\action\homeAction.php(10): require_once('D:\\xampp\\htdoc ...')
#3 D:\xampp\htdoc \GitHub\pathfinder\ y tem\model\BootStrap.php(32): work\homeAction->view()
#4 D:\xampp\htdoc \GitHub\pathfinder\index.php(22):  y tem\BootStrap->__con truct(Array)
#5 {main}
2023-05-09 14:24:52 Undefined variable $conn#0 D:\xampp\htdoc \GitHub\pathfinder\work\action\Graph.php(38): exception _error_handler(2, 'Undefined varia...', 'D:\\xampp\\htdoc ...', 38)
#1 D:\xampp\htdoc \GitHub\pathfinder\work\view\home.php(32): require_once('D:\\xampp\\htdoc ...')
#2 D:\xampp\htdoc \GitHub\pathfinder\work\action\homeAction.php(10): require_once('D:\\xampp\\htdoc ...')
#3 D:\xampp\htdoc \GitHub\pathfinder\ y tem\model\BootStrap.php(32): work\homeAction->view()
#4 D:\xampp\htdoc \GitHub\pathfinder\index.php(22):  y tem\BootStrap->__con truct(Array)
#5 {main}
2023-05-09 14:24:53 Undefined variable $conn#0 D:\xampp\htdoc \GitHub\pathfinder\work\action\Graph.php(38): exception _error_handler(2, 'Undefined varia...', 'D:\\xampp\\htdoc ...', 38)
#1 D:\xampp\htdoc \GitHub\pathfinder\work\view\home.php(32): require_once('D:\\xampp\\htdoc ...')
#2 D:\xampp\htdoc \GitHub\pathfinder\work\action\homeAction.php(10): require_once('D:\\xampp\\htdoc ...')
#3 D:\xampp\htdoc \GitHub\pathfinder\ y tem\model\BootStrap.php(32): work\homeAction->view()
#4 D:\xampp\htdoc \GitHub\pathfinder\index.php(22):  y tem\BootStrap->__con truct(Array)
#5 {main}
2023-05-09 14:41:27 SQLSTATE[42601]: Syntax error: 7 ОШИБКА:  ошибка синтаксиса (примерное положение: "$")
LINE 4: LIMIT $tran actioncount
              ^#0 D:\xampp\htdoc \GitHub\pathfinder\ y tem\model\Db.php(62): PDOStatement->execute(Array)
#1 D:\xampp\htdoc \GitHub\pathfinder\ y tem\model\Db.php(44):  y tem\Db->executeQuery('\nSELECT a.block...', Array)
#2 D:\xampp\htdoc \GitHub\pathfinder\work\action\Graph.php(42):  y tem\Db->execute(Array)
#3 D:\xampp\htdoc \GitHub\pathfinder\work\view\home.php(32): require_once('D:\\xampp\\htdoc ...')
#4 D:\xampp\htdoc \GitHub\pathfinder\work\action\homeAction.php(10): require_once('D:\\xampp\\htdoc ...')
#5 D:\xampp\htdoc \GitHub\pathfinder\ y tem\model\BootStrap.php(32): work\homeAction->view()
#6 D:\xampp\htdoc \GitHub\pathfinder\index.php(22):  y tem\BootStrap->__con truct(Array)
#7 {main}
2023-05-09 14:41:27 
SELECT a.block_id, a.tran action_ha h, a.time, a.value_u d, a.recipient a   ender, b.recipient a  receiver FROM input  a
INNER JOIN output  b ON a.tran action_ha h = b.tran action_ha h
LIMIT $tran actioncount#0 D:\xampp\htdoc \GitHub\pathfinder\ y tem\model\Db.php(44):  y tem\Db->executeQuery('\nSELECT a.block...', Array)
#1 D:\xampp\htdoc \GitHub\pathfinder\work\action\Graph.php(42):  y tem\Db->execute(Array)
#2 D:\xampp\htdoc \GitHub\pathfinder\work\view\home.php(32): require_once('D:\\xampp\\htdoc ...')
#3 D:\xampp\htdoc \GitHub\pathfinder\work\action\homeAction.php(10): require_once('D:\\xampp\\htdoc ...')
#4 D:\xampp\htdoc \GitHub\pathfinder\ y tem\model\BootStrap.php(32): work\homeAction->view()
#5 D:\xampp\htdoc \GitHub\pathfinder\index.php(22):  y tem\BootStrap->__con truct(Array)
#6 {main}
